# Logfile created on 2014-02-25 14:20:07 -0500 by logger.rb/36483
I, [2014-02-25T14:20:07.459924 #43843]  INFO -- : 0:  bond (0.4.3) from /Users/katedonahue/.rvm/gems/ruby-2.0.0-p247/specifications/bond-0.4.3.gemspec
I, [2014-02-25T14:20:07.460544 #43843]  INFO -- : 0:  columnize (0.3.6) from /Users/katedonahue/.rvm/gems/ruby-2.0.0-p247/specifications/columnize-0.3.6.gemspec
I, [2014-02-25T14:20:07.460966 #43843]  INFO -- : 0:  debugger-linecache (1.2.0) from /Users/katedonahue/.rvm/gems/ruby-2.0.0-p247/specifications/debugger-linecache-1.2.0.gemspec
I, [2014-02-25T14:20:10.015586 #43843]  INFO -- : 0:  debugger-ruby_core_source (1.3.2) from /Users/katedonahue/.rvm/gems/ruby-2.0.0-p247/specifications/debugger-ruby_core_source-1.3.2.gemspec
I, [2014-02-25T14:20:10.016356 #43843]  INFO -- : 0:  debugger (1.6.5) from /Users/katedonahue/.rvm/gems/ruby-2.0.0-p247/specifications/debugger-1.6.5.gemspec
I, [2014-02-25T14:20:10.016854 #43843]  INFO -- : 0:  engtagger (0.1.2) from /Users/katedonahue/.rvm/gems/ruby-2.0.0-p247/specifications/engtagger-0.1.2.gemspec
I, [2014-02-25T14:20:10.017335 #43843]  INFO -- : 0:  tilt (1.4.1) from /Users/katedonahue/.rvm/gems/ruby-2.0.0-p247/specifications/tilt-1.4.1.gemspec
I, [2014-02-25T14:20:10.017814 #43843]  INFO -- : 0:  haml (4.0.5) from /Users/katedonahue/.rvm/gems/ruby-2.0.0-p247/specifications/haml-4.0.5.gemspec
I, [2014-02-25T14:20:10.018288 #43843]  INFO -- : 0:  rack (1.5.2) from /Users/katedonahue/.rvm/gems/ruby-2.0.0-p247/specifications/rack-1.5.2.gemspec
I, [2014-02-25T14:20:10.018767 #43843]  INFO -- : 0:  rack-protection (1.5.2) from /Users/katedonahue/.rvm/gems/ruby-2.0.0-p247/specifications/rack-protection-1.5.2.gemspec
I, [2014-02-25T14:20:10.019254 #43843]  INFO -- : 0:  rack-test (0.6.2) from /Users/katedonahue/.rvm/gems/ruby-2.0.0-p247/specifications/rack-test-0.6.2.gemspec
I, [2014-02-25T14:20:10.019755 #43843]  INFO -- : 0:  ripl (0.7.0) from /Users/katedonahue/.rvm/gems/ruby-2.0.0-p247/specifications/ripl-0.7.0.gemspec
I, [2014-02-25T14:20:10.020240 #43843]  INFO -- : 0:  ripl-multi_line (0.3.1) from /Users/katedonahue/.rvm/gems/ruby-2.0.0-p247/specifications/ripl-multi_line-0.3.1.gemspec
I, [2014-02-25T14:20:11.671001 #43843]  INFO -- : 0:  ripl-rack (0.2.1) from /Users/katedonahue/.rvm/gems/ruby-2.0.0-p247/specifications/ripl-rack-0.2.1.gemspec
I, [2014-02-25T14:20:11.671564 #43843]  INFO -- : 0:  sass (3.2.14) from /Users/katedonahue/.rvm/gems/ruby-2.0.0-p247/specifications/sass-3.2.14.gemspec
I, [2014-02-25T14:20:11.671990 #43843]  INFO -- : 0:  shotgun (0.9) from /Users/katedonahue/.rvm/gems/ruby-2.0.0-p247/specifications/shotgun-0.9.gemspec
I, [2014-02-25T14:20:11.672546 #43843]  INFO -- : 0:  sinatra (1.4.4) from /Users/katedonahue/.rvm/gems/ruby-2.0.0-p247/specifications/sinatra-1.4.4.gemspec
I, [2014-02-25T14:20:11.673000 #43843]  INFO -- : 0:  tux (0.3.0) from /Users/katedonahue/.rvm/gems/ruby-2.0.0-p247/specifications/tux-0.3.0.gemspec
I, [2014-02-25T14:20:11.673374 #43843]  INFO -- : 0:  bundler (1.5.0) from /Users/katedonahue/.rvm/gems/ruby-2.0.0-p247/specifications/bundler-1.5.0.gemspec
